<?xml version="1.0" encoding="UTF-8"?>
<testng-results skipped="0" failed="0" total="13" passed="13">
  <reporter-output>
  </reporter-output>
  <suite name="Sample test Suite" duration-ms="42779" started-at="2019-10-23T13:38:23Z" finished-at="2019-10-23T13:39:06Z">
    <groups>
    </groups>
    <test name="Sample test" duration-ms="42779" started-at="2019-10-23T13:38:23Z" finished-at="2019-10-23T13:39:06Z">
      <class name="com.training.sanity.tests.RTTC_015">
        <test-method status="PASS" signature="setUp()[pri:0, instance:com.training.sanity.tests.RTTC_015@4b9e13df]" name="setUp" is-config="true" duration-ms="5198" started-at="2019-10-23T19:08:49Z" finished-at="2019-10-23T19:08:54Z">
          <reporter-output>
          </reporter-output>
        </test-method> <!-- setUp -->
        <test-method status="PASS" signature="LoginTest()[pri:0, instance:com.training.sanity.tests.RTTC_015@4b9e13df]" name="LoginTest" duration-ms="2014" started-at="2019-10-23T19:08:54Z" finished-at="2019-10-23T19:08:56Z">
          <reporter-output>
          </reporter-output>
        </test-method> <!-- LoginTest -->
        <test-method status="PASS" signature="ProdTest()[pri:1, instance:com.training.sanity.tests.RTTC_015@4b9e13df]" name="ProdTest" duration-ms="1305" started-at="2019-10-23T19:08:56Z" depends-on-methods="com.training.sanity.tests.RTTC_015.LoginTest" finished-at="2019-10-23T19:08:58Z">
          <reporter-output>
          </reporter-output>
        </test-method> <!-- ProdTest -->
        <test-method status="PASS" signature="CreateProdTest()[pri:2, instance:com.training.sanity.tests.RTTC_015@4b9e13df]" name="CreateProdTest" duration-ms="3701" started-at="2019-10-23T19:08:58Z" depends-on-methods="com.training.sanity.tests.RTTC_015.ProdTest" finished-at="2019-10-23T19:09:01Z">
          <reporter-output>
          </reporter-output>
        </test-method> <!-- CreateProdTest -->
        <test-method status="PASS" signature="SearchProdTest()[pri:3, instance:com.training.sanity.tests.RTTC_015@4b9e13df]" name="SearchProdTest" duration-ms="760" started-at="2019-10-23T19:09:01Z" finished-at="2019-10-23T19:09:02Z">
          <reporter-output>
          </reporter-output>
        </test-method> <!-- SearchProdTest -->
        <test-method status="PASS" signature="DeleteTest()[pri:4, instance:com.training.sanity.tests.RTTC_015@4b9e13df]" name="DeleteTest" duration-ms="1905" started-at="2019-10-23T19:09:02Z" finished-at="2019-10-23T19:09:04Z">
          <reporter-output>
          </reporter-output>
        </test-method> <!-- DeleteTest -->
      </class> <!-- com.training.sanity.tests.RTTC_015 -->
      <class name="com.training.sanity.tests.RTTC_013">
        <test-method status="PASS" signature="setUpBeforeClass()[pri:0, instance:com.training.sanity.tests.RTTC_013@18be83e4]" name="setUpBeforeClass" is-config="true" duration-ms="16" started-at="2019-10-23T19:08:23Z" finished-at="2019-10-23T19:08:23Z">
          <reporter-output>
          </reporter-output>
        </test-method> <!-- setUpBeforeClass -->
        <test-method status="PASS" signature="setUpBeforeClass()[pri:0, instance:com.training.sanity.tests.RTTC_014@cb5822]" name="setUpBeforeClass" is-config="true" duration-ms="0" started-at="2019-10-23T19:08:23Z" finished-at="2019-10-23T19:08:23Z">
          <reporter-output>
          </reporter-output>
        </test-method> <!-- setUpBeforeClass -->
        <test-method status="PASS" signature="setUpBeforeClass()[pri:0, instance:com.training.sanity.tests.RTTC_015@4b9e13df]" name="setUpBeforeClass" is-config="true" duration-ms="0" started-at="2019-10-23T19:08:23Z" finished-at="2019-10-23T19:08:23Z">
          <reporter-output>
          </reporter-output>
        </test-method> <!-- setUpBeforeClass -->
        <test-method status="PASS" signature="setUp()[pri:0, instance:com.training.sanity.tests.RTTC_013@18be83e4]" name="setUp" is-config="true" duration-ms="6712" started-at="2019-10-23T19:08:23Z" finished-at="2019-10-23T19:08:30Z">
          <reporter-output>
          </reporter-output>
        </test-method> <!-- setUp -->
        <test-method status="PASS" signature="LoginTest()[pri:1, instance:com.training.sanity.tests.RTTC_013@18be83e4]" name="LoginTest" duration-ms="2298" started-at="2019-10-23T19:08:30Z" finished-at="2019-10-23T19:08:32Z">
          <reporter-output>
          </reporter-output>
        </test-method> <!-- LoginTest -->
        <test-method status="PASS" signature="categoryTest()[pri:2, instance:com.training.sanity.tests.RTTC_013@18be83e4]" name="categoryTest" duration-ms="877" started-at="2019-10-23T19:08:32Z" depends-on-methods="com.training.sanity.tests.RTTC_013.LoginTest" finished-at="2019-10-23T19:08:33Z">
          <reporter-output>
          </reporter-output>
        </test-method> <!-- categoryTest -->
        <test-method status="PASS" signature="AddcatTest()[pri:3, instance:com.training.sanity.tests.RTTC_013@18be83e4]" name="AddcatTest" duration-ms="3864" started-at="2019-10-23T19:08:33Z" finished-at="2019-10-23T19:08:37Z">
          <reporter-output>
          </reporter-output>
        </test-method> <!-- AddcatTest -->
        <test-method status="PASS" signature="deleteCatTest()[pri:4, instance:com.training.sanity.tests.RTTC_013@18be83e4]" name="deleteCatTest" duration-ms="1351" started-at="2019-10-23T19:08:37Z" depends-on-methods="com.training.sanity.tests.RTTC_013.AddcatTest" finished-at="2019-10-23T19:08:39Z">
          <reporter-output>
          </reporter-output>
        </test-method> <!-- deleteCatTest -->
        <test-method status="PASS" signature="tearDown()[pri:0, instance:com.training.sanity.tests.RTTC_013@18be83e4]" name="tearDown" is-config="true" duration-ms="671" started-at="2019-10-23T19:09:04Z" finished-at="2019-10-23T19:09:05Z">
          <reporter-output>
          </reporter-output>
        </test-method> <!-- tearDown -->
        <test-method status="PASS" signature="tearDown()[pri:0, instance:com.training.sanity.tests.RTTC_014@cb5822]" name="tearDown" is-config="true" duration-ms="718" started-at="2019-10-23T19:09:05Z" finished-at="2019-10-23T19:09:05Z">
          <reporter-output>
          </reporter-output>
        </test-method> <!-- tearDown -->
        <test-method status="PASS" signature="tearDown()[pri:0, instance:com.training.sanity.tests.RTTC_015@4b9e13df]" name="tearDown" is-config="true" duration-ms="799" started-at="2019-10-23T19:09:05Z" finished-at="2019-10-23T19:09:06Z">
          <reporter-output>
          </reporter-output>
        </test-method> <!-- tearDown -->
      </class> <!-- com.training.sanity.tests.RTTC_013 -->
      <class name="com.training.sanity.tests.RTTC_014">
        <test-method status="PASS" signature="setUp()[pri:0, instance:com.training.sanity.tests.RTTC_014@cb5822]" name="setUp" is-config="true" duration-ms="4442" started-at="2019-10-23T19:08:39Z" finished-at="2019-10-23T19:08:43Z">
          <reporter-output>
          </reporter-output>
        </test-method> <!-- setUp -->
        <test-method status="PASS" signature="LoginTest()[pri:1, instance:com.training.sanity.tests.RTTC_014@cb5822]" name="LoginTest" duration-ms="1841" started-at="2019-10-23T19:08:43Z" finished-at="2019-10-23T19:08:45Z">
          <reporter-output>
          </reporter-output>
        </test-method> <!-- LoginTest -->
        <test-method status="PASS" signature="CateTest()[pri:2, instance:com.training.sanity.tests.RTTC_014@cb5822]" name="CateTest" duration-ms="1280" started-at="2019-10-23T19:08:45Z" depends-on-methods="com.training.sanity.tests.RTTC_014.LoginTest" finished-at="2019-10-23T19:08:46Z">
          <reporter-output>
          </reporter-output>
        </test-method> <!-- CateTest -->
        <test-method status="PASS" signature="ProdTest()[pri:3, instance:com.training.sanity.tests.RTTC_014@cb5822]" name="ProdTest" duration-ms="1555" started-at="2019-10-23T19:08:46Z" finished-at="2019-10-23T19:08:48Z">
          <reporter-output>
          </reporter-output>
        </test-method> <!-- ProdTest -->
        <test-method status="PASS" signature="PriceTest()[pri:4, instance:com.training.sanity.tests.RTTC_014@cb5822]" name="PriceTest" duration-ms="1447" started-at="2019-10-23T19:08:48Z" depends-on-methods="com.training.sanity.tests.RTTC_014.ProdTest" finished-at="2019-10-23T19:08:49Z">
          <reporter-output>
          </reporter-output>
        </test-method> <!-- PriceTest -->
      </class> <!-- com.training.sanity.tests.RTTC_014 -->
    </test> <!-- Sample test -->
  </suite> <!-- Sample test Suite -->
</testng-results>
