<?xml version="1.0" encoding="UTF-8"?>
<!-- Generated by org.testng.reporters.JUnitXMLReporter -->
<testsuite hostname="DESKTOP-L8HT3HT" name="Default test" tests="4" failures="0" timestamp="23 Oct 2019 13:35:19 GMT" time="14.983" errors="0">
  <testcase name="LoginTest" time="1.961" classname="com.training.sanity.tests.RTTC_013"/>
  <testcase name="categoryTest" time="0.78" classname="com.training.sanity.tests.RTTC_013"/>
  <testcase name="AddcatTest" time="3.194" classname="com.training.sanity.tests.RTTC_013"/>
  <testcase name="deleteCatTest" time="1.356" classname="com.training.sanity.tests.RTTC_013"/>
</testsuite> <!-- Default test -->
