<?xml version="1.0" encoding="UTF-8"?>
<!-- Generated by org.testng.reporters.JUnitXMLReporter -->
<testsuite hostname="DESKTOP-L8HT3HT" name="Sample test" tests="13" failures="0" timestamp="23 Oct 2019 13:39:06 GMT" time="42.779" errors="0">
  <testcase name="LoginTest" time="2.298" classname="com.training.sanity.tests.RTTC_013"/>
  <testcase name="categoryTest" time="0.877" classname="com.training.sanity.tests.RTTC_013"/>
  <testcase name="AddcatTest" time="3.864" classname="com.training.sanity.tests.RTTC_013"/>
  <testcase name="deleteCatTest" time="1.351" classname="com.training.sanity.tests.RTTC_013"/>
  <testcase name="LoginTest" time="1.841" classname="com.training.sanity.tests.RTTC_014"/>
  <testcase name="CateTest" time="1.28" classname="com.training.sanity.tests.RTTC_014"/>
  <testcase name="ProdTest" time="1.555" classname="com.training.sanity.tests.RTTC_014"/>
  <testcase name="PriceTest" time="1.447" classname="com.training.sanity.tests.RTTC_014"/>
  <testcase name="LoginTest" time="2.014" classname="com.training.sanity.tests.RTTC_015"/>
  <testcase name="ProdTest" time="1.305" classname="com.training.sanity.tests.RTTC_015"/>
  <testcase name="CreateProdTest" time="3.701" classname="com.training.sanity.tests.RTTC_015"/>
  <testcase name="SearchProdTest" time="0.76" classname="com.training.sanity.tests.RTTC_015"/>
  <testcase name="DeleteTest" time="1.905" classname="com.training.sanity.tests.RTTC_015"/>
</testsuite> <!-- Sample test -->
